mode: set
github.com/lilmonk/elasticdump/internal/restore/restore.go:55.94,57.2 1 1
github.com/lilmonk/elasticdump/internal/restore/restore.go:60.131,62.2 1 0
github.com/lilmonk/elasticdump/internal/restore/restore.go:65.159,67.2 1 0
github.com/lilmonk/elasticdump/internal/restore/restore.go:70.143,72.2 1 0
github.com/lilmonk/elasticdump/internal/restore/restore.go:75.31,76.20 1 1
github.com/lilmonk/elasticdump/internal/restore/restore.go:76.20,79.3 2 1
github.com/lilmonk/elasticdump/internal/restore/restore.go:81.2,81.21 1 1
github.com/lilmonk/elasticdump/internal/restore/restore.go:82.14,83.29 1 1
github.com/lilmonk/elasticdump/internal/restore/restore.go:84.17,85.32 1 1
github.com/lilmonk/elasticdump/internal/restore/restore.go:86.18,87.33 1 1
github.com/lilmonk/elasticdump/internal/restore/restore.go:88.10,89.65 1 1
github.com/lilmonk/elasticdump/internal/restore/restore.go:94.34,97.2 1 1
github.com/lilmonk/elasticdump/internal/restore/restore.go:100.68,106.38 2 1
github.com/lilmonk/elasticdump/internal/restore/restore.go:106.38,109.3 2 1
github.com/lilmonk/elasticdump/internal/restore/restore.go:111.2,112.16 2 1
github.com/lilmonk/elasticdump/internal/restore/restore.go:112.16,114.3 1 0
github.com/lilmonk/elasticdump/internal/restore/restore.go:116.2,117.45 2 1
github.com/lilmonk/elasticdump/internal/restore/restore.go:121.39,125.16 3 1
github.com/lilmonk/elasticdump/internal/restore/restore.go:125.16,127.3 1 0
github.com/lilmonk/elasticdump/internal/restore/restore.go:130.2,131.16 2 1
github.com/lilmonk/elasticdump/internal/restore/restore.go:131.16,133.3 1 1
github.com/lilmonk/elasticdump/internal/restore/restore.go:134.2,138.16 3 0
github.com/lilmonk/elasticdump/internal/restore/restore.go:138.16,140.3 1 0
github.com/lilmonk/elasticdump/internal/restore/restore.go:142.2,143.21 2 0
github.com/lilmonk/elasticdump/internal/restore/restore.go:143.21,145.3 1 0
github.com/lilmonk/elasticdump/internal/restore/restore.go:148.2,153.42 4 0
github.com/lilmonk/elasticdump/internal/restore/restore.go:153.42,155.13 2 0
github.com/lilmonk/elasticdump/internal/restore/restore.go:155.13,157.29 2 0
github.com/lilmonk/elasticdump/internal/restore/restore.go:157.29,158.65 1 0
github.com/lilmonk/elasticdump/internal/restore/restore.go:158.65,160.6 1 0
github.com/lilmonk/elasticdump/internal/restore/restore.go:166.2,166.12 1 0
github.com/lilmonk/elasticdump/internal/restore/restore.go:166.12,170.22 3 0
github.com/lilmonk/elasticdump/internal/restore/restore.go:170.22,172.18 2 0
github.com/lilmonk/elasticdump/internal/restore/restore.go:172.18,173.13 1 0
github.com/lilmonk/elasticdump/internal/restore/restore.go:176.4,177.61 2 0
github.com/lilmonk/elasticdump/internal/restore/restore.go:177.61,179.13 2 0
github.com/lilmonk/elasticdump/internal/restore/restore.go:182.4,184.18 2 0
github.com/lilmonk/elasticdump/internal/restore/restore.go:184.18,186.5 1 0
github.com/lilmonk/elasticdump/internal/restore/restore.go:189.3,189.39 1 0
github.com/lilmonk/elasticdump/internal/restore/restore.go:189.39,191.4 1 0
github.com/lilmonk/elasticdump/internal/restore/restore.go:194.2,196.16 2 0
github.com/lilmonk/elasticdump/internal/restore/restore.go:196.16,198.3 1 0
github.com/lilmonk/elasticdump/internal/restore/restore.go:200.2,200.20 1 0
github.com/lilmonk/elasticdump/internal/restore/restore.go:200.20,202.3 1 0
github.com/lilmonk/elasticdump/internal/restore/restore.go:204.2,204.12 1 0
github.com/lilmonk/elasticdump/internal/restore/restore.go:208.42,211.16 2 1
github.com/lilmonk/elasticdump/internal/restore/restore.go:211.16,213.3 1 1
github.com/lilmonk/elasticdump/internal/restore/restore.go:215.2,216.55 2 0
github.com/lilmonk/elasticdump/internal/restore/restore.go:216.55,218.3 1 0
github.com/lilmonk/elasticdump/internal/restore/restore.go:221.2,223.16 3 0
github.com/lilmonk/elasticdump/internal/restore/restore.go:223.16,225.3 1 0
github.com/lilmonk/elasticdump/internal/restore/restore.go:228.2,229.17 2 0
github.com/lilmonk/elasticdump/internal/restore/restore.go:229.17,231.3 1 0
github.com/lilmonk/elasticdump/internal/restore/restore.go:233.2,233.47 1 0
github.com/lilmonk/elasticdump/internal/restore/restore.go:237.43,240.16 2 1
github.com/lilmonk/elasticdump/internal/restore/restore.go:240.16,242.3 1 1
github.com/lilmonk/elasticdump/internal/restore/restore.go:244.2,245.56 2 0
github.com/lilmonk/elasticdump/internal/restore/restore.go:245.56,247.3 1 0
github.com/lilmonk/elasticdump/internal/restore/restore.go:250.2,252.16 3 0
github.com/lilmonk/elasticdump/internal/restore/restore.go:252.16,254.3 1 0
github.com/lilmonk/elasticdump/internal/restore/restore.go:257.2,258.17 2 0
github.com/lilmonk/elasticdump/internal/restore/restore.go:258.17,260.3 1 0
github.com/lilmonk/elasticdump/internal/restore/restore.go:262.2,262.49 1 0
github.com/lilmonk/elasticdump/internal/restore/restore.go:267.38,270.20 2 1
github.com/lilmonk/elasticdump/internal/restore/restore.go:270.20,272.3 1 1
github.com/lilmonk/elasticdump/internal/restore/restore.go:273.2,273.11 1 1
github.com/lilmonk/elasticdump/internal/restore/restore.go:276.70,278.16 2 1
github.com/lilmonk/elasticdump/internal/restore/restore.go:278.16,280.3 1 0
github.com/lilmonk/elasticdump/internal/restore/restore.go:283.2,283.17 1 1
github.com/lilmonk/elasticdump/internal/restore/restore.go:283.17,285.3 1 1
github.com/lilmonk/elasticdump/internal/restore/restore.go:288.2,291.31 1 1
github.com/lilmonk/elasticdump/internal/restore/restore.go:291.31,294.4 2 0
github.com/lilmonk/elasticdump/internal/restore/restore.go:296.2,296.16 1 1
github.com/lilmonk/elasticdump/internal/restore/restore.go:296.16,298.3 1 0
github.com/lilmonk/elasticdump/internal/restore/restore.go:299.2,301.19 2 1
github.com/lilmonk/elasticdump/internal/restore/restore.go:301.19,304.3 2 1
github.com/lilmonk/elasticdump/internal/restore/restore.go:306.2,306.12 1 1
github.com/lilmonk/elasticdump/internal/restore/restore.go:309.85,311.16 2 1
github.com/lilmonk/elasticdump/internal/restore/restore.go:311.16,313.3 1 0
github.com/lilmonk/elasticdump/internal/restore/restore.go:315.2,319.16 2 1
github.com/lilmonk/elasticdump/internal/restore/restore.go:319.16,321.3 1 0
github.com/lilmonk/elasticdump/internal/restore/restore.go:322.2,324.19 2 1
github.com/lilmonk/elasticdump/internal/restore/restore.go:324.19,326.3 1 1
github.com/lilmonk/elasticdump/internal/restore/restore.go:328.2,328.12 1 1
github.com/lilmonk/elasticdump/internal/restore/restore.go:331.87,333.16 2 1
github.com/lilmonk/elasticdump/internal/restore/restore.go:333.16,335.3 1 0
github.com/lilmonk/elasticdump/internal/restore/restore.go:337.2,339.44 1 1
github.com/lilmonk/elasticdump/internal/restore/restore.go:339.44,341.4 1 0
github.com/lilmonk/elasticdump/internal/restore/restore.go:343.2,343.16 1 1
github.com/lilmonk/elasticdump/internal/restore/restore.go:343.16,345.3 1 0
github.com/lilmonk/elasticdump/internal/restore/restore.go:346.2,348.19 2 1
github.com/lilmonk/elasticdump/internal/restore/restore.go:348.19,350.3 1 1
github.com/lilmonk/elasticdump/internal/restore/restore.go:352.2,352.12 1 1
github.com/lilmonk/elasticdump/cmd/backup.go:16.54,17.18 1 1
github.com/lilmonk/elasticdump/cmd/backup.go:17.18,19.4 1 1
github.com/lilmonk/elasticdump/cmd/backup.go:20.3,20.19 1 1
github.com/lilmonk/elasticdump/cmd/backup.go:20.19,22.4 1 1
github.com/lilmonk/elasticdump/cmd/backup.go:24.3,37.30 2 1
github.com/lilmonk/elasticdump/cmd/backup.go:41.13,58.2 12 1
github.com/lilmonk/elasticdump/cmd/restore.go:16.54,17.18 1 1
github.com/lilmonk/elasticdump/cmd/restore.go:17.18,19.4 1 1
github.com/lilmonk/elasticdump/cmd/restore.go:20.3,20.19 1 1
github.com/lilmonk/elasticdump/cmd/restore.go:20.19,22.4 1 1
github.com/lilmonk/elasticdump/cmd/restore.go:24.3,34.29 2 1
github.com/lilmonk/elasticdump/cmd/restore.go:38.13,52.2 9 1
github.com/lilmonk/elasticdump/cmd/root.go:25.22,27.2 1 0
github.com/lilmonk/elasticdump/cmd/root.go:29.13,32.2 1 1
github.com/lilmonk/elasticdump/cmd/transfer.go:28.54,29.18 1 1
github.com/lilmonk/elasticdump/cmd/transfer.go:29.18,31.4 1 1
github.com/lilmonk/elasticdump/cmd/transfer.go:32.3,32.19 1 1
github.com/lilmonk/elasticdump/cmd/transfer.go:32.19,34.4 1 1
github.com/lilmonk/elasticdump/cmd/transfer.go:36.3,49.30 2 1
github.com/lilmonk/elasticdump/cmd/transfer.go:53.13,70.2 12 1
github.com/lilmonk/elasticdump/internal/transfer/transfer.go:35.94,37.2 1 1
github.com/lilmonk/elasticdump/internal/transfer/transfer.go:40.101,42.2 1 1
github.com/lilmonk/elasticdump/internal/transfer/transfer.go:45.103,47.2 1 0
github.com/lilmonk/elasticdump/internal/transfer/transfer.go:50.103,52.2 1 0
github.com/lilmonk/elasticdump/internal/transfer/transfer.go:55.131,57.2 1 0
github.com/lilmonk/elasticdump/internal/transfer/transfer.go:60.125,62.2 1 1
github.com/lilmonk/elasticdump/internal/transfer/transfer.go:65.159,67.2 1 0
github.com/lilmonk/elasticdump/internal/transfer/transfer.go:70.127,72.2 1 1
github.com/lilmonk/elasticdump/internal/transfer/transfer.go:75.143,77.2 1 0
github.com/lilmonk/elasticdump/internal/transfer/transfer.go:108.31,109.20 1 1
github.com/lilmonk/elasticdump/internal/transfer/transfer.go:109.20,113.3 2 1
github.com/lilmonk/elasticdump/internal/transfer/transfer.go:115.2,117.16 3 1
github.com/lilmonk/elasticdump/internal/transfer/transfer.go:117.16,119.3 1 0
github.com/lilmonk/elasticdump/internal/transfer/transfer.go:121.2,121.21 1 1
github.com/lilmonk/elasticdump/internal/transfer/transfer.go:122.14,123.44 1 1
github.com/lilmonk/elasticdump/internal/transfer/transfer.go:124.17,125.47 1 1
github.com/lilmonk/elasticdump/internal/transfer/transfer.go:126.18,127.48 1 1
github.com/lilmonk/elasticdump/internal/transfer/transfer.go:128.10,129.66 1 1
github.com/lilmonk/elasticdump/internal/transfer/transfer.go:134.34,137.2 1 1
github.com/lilmonk/elasticdump/internal/transfer/transfer.go:140.68,146.38 2 1
github.com/lilmonk/elasticdump/internal/transfer/transfer.go:146.38,149.3 2 1
github.com/lilmonk/elasticdump/internal/transfer/transfer.go:151.2,152.16 2 1
github.com/lilmonk/elasticdump/internal/transfer/transfer.go:152.16,154.3 1 0
github.com/lilmonk/elasticdump/internal/transfer/transfer.go:156.2,157.45 2 1
github.com/lilmonk/elasticdump/internal/transfer/transfer.go:161.62,164.17 2 1
github.com/lilmonk/elasticdump/internal/transfer/transfer.go:164.17,166.3 1 0
github.com/lilmonk/elasticdump/internal/transfer/transfer.go:169.2,169.27 1 1
github.com/lilmonk/elasticdump/internal/transfer/transfer.go:169.27,171.3 1 0
github.com/lilmonk/elasticdump/internal/transfer/transfer.go:174.2,176.16 3 1
github.com/lilmonk/elasticdump/internal/transfer/transfer.go:176.16,178.3 1 0
github.com/lilmonk/elasticdump/internal/transfer/transfer.go:180.2,180.73 1 1
github.com/lilmonk/elasticdump/internal/transfer/transfer.go:184.70,186.16 2 0
github.com/lilmonk/elasticdump/internal/transfer/transfer.go:186.16,188.3 1 0
github.com/lilmonk/elasticdump/internal/transfer/transfer.go:189.2,193.16 3 0
github.com/lilmonk/elasticdump/internal/transfer/transfer.go:193.16,195.3 1 0
github.com/lilmonk/elasticdump/internal/transfer/transfer.go:197.2,197.46 1 0
github.com/lilmonk/elasticdump/internal/transfer/transfer.go:197.46,199.3 1 0
github.com/lilmonk/elasticdump/internal/transfer/transfer.go:201.2,202.21 2 0
github.com/lilmonk/elasticdump/internal/transfer/transfer.go:202.21,204.3 1 0
github.com/lilmonk/elasticdump/internal/transfer/transfer.go:207.2,209.16 3 0
github.com/lilmonk/elasticdump/internal/transfer/transfer.go:209.16,211.3 1 0
github.com/lilmonk/elasticdump/internal/transfer/transfer.go:213.2,214.70 2 0
github.com/lilmonk/elasticdump/internal/transfer/transfer.go:214.70,215.28 1 0
github.com/lilmonk/elasticdump/internal/transfer/transfer.go:215.28,216.52 1 0
github.com/lilmonk/elasticdump/internal/transfer/transfer.go:216.52,217.10 1 0
github.com/lilmonk/elasticdump/internal/transfer/transfer.go:220.4,220.66 1 0
github.com/lilmonk/elasticdump/internal/transfer/transfer.go:220.66,222.5 1 0
github.com/lilmonk/elasticdump/internal/transfer/transfer.go:224.4,225.18 2 0
github.com/lilmonk/elasticdump/internal/transfer/transfer.go:225.18,227.5 1 0
github.com/lilmonk/elasticdump/internal/transfer/transfer.go:230.3,230.51 1 0
github.com/lilmonk/elasticdump/internal/transfer/transfer.go:230.51,231.9 1 0
github.com/lilmonk/elasticdump/internal/transfer/transfer.go:235.3,236.17 2 0
github.com/lilmonk/elasticdump/internal/transfer/transfer.go:236.17,238.4 1 0
github.com/lilmonk/elasticdump/internal/transfer/transfer.go:241.2,241.16 1 0
github.com/lilmonk/elasticdump/internal/transfer/transfer.go:241.16,243.3 1 0
github.com/lilmonk/elasticdump/internal/transfer/transfer.go:245.2,245.20 1 0
github.com/lilmonk/elasticdump/internal/transfer/transfer.go:245.20,247.3 1 0
github.com/lilmonk/elasticdump/internal/transfer/transfer.go:249.2,249.12 1 0
github.com/lilmonk/elasticdump/internal/transfer/transfer.go:253.99,255.21 2 1
github.com/lilmonk/elasticdump/internal/transfer/transfer.go:255.21,257.3 1 0
github.com/lilmonk/elasticdump/internal/transfer/transfer.go:260.2,261.16 2 1
github.com/lilmonk/elasticdump/internal/transfer/transfer.go:261.16,263.3 1 1
github.com/lilmonk/elasticdump/internal/transfer/transfer.go:265.2,265.46 1 0
github.com/lilmonk/elasticdump/internal/transfer/transfer.go:265.46,267.3 1 0
github.com/lilmonk/elasticdump/internal/transfer/transfer.go:269.2,270.21 2 0
github.com/lilmonk/elasticdump/internal/transfer/transfer.go:270.21,272.3 1 0
github.com/lilmonk/elasticdump/internal/transfer/transfer.go:275.2,279.42 3 0
github.com/lilmonk/elasticdump/internal/transfer/transfer.go:279.42,281.13 2 0
github.com/lilmonk/elasticdump/internal/transfer/transfer.go:281.13,283.29 2 0
github.com/lilmonk/elasticdump/internal/transfer/transfer.go:283.29,284.69 1 0
github.com/lilmonk/elasticdump/internal/transfer/transfer.go:284.69,286.6 1 0
github.com/lilmonk/elasticdump/internal/transfer/transfer.go:287.5,287.19 1 0
github.com/lilmonk/elasticdump/internal/transfer/transfer.go:287.19,289.6 1 0
github.com/lilmonk/elasticdump/internal/transfer/transfer.go:295.2,295.12 1 0
github.com/lilmonk/elasticdump/internal/transfer/transfer.go:295.12,299.17 3 0
github.com/lilmonk/elasticdump/internal/transfer/transfer.go:299.17,302.4 2 0
github.com/lilmonk/elasticdump/internal/transfer/transfer.go:304.3,305.74 2 0
github.com/lilmonk/elasticdump/internal/transfer/transfer.go:305.74,306.29 1 0
github.com/lilmonk/elasticdump/internal/transfer/transfer.go:306.29,307.56 1 0
github.com/lilmonk/elasticdump/internal/transfer/transfer.go:307.56,309.6 1 0
github.com/lilmonk/elasticdump/internal/transfer/transfer.go:311.5,312.18 2 0
github.com/lilmonk/elasticdump/internal/transfer/transfer.go:315.4,315.55 1 0
github.com/lilmonk/elasticdump/internal/transfer/transfer.go:315.55,317.5 1 0
github.com/lilmonk/elasticdump/internal/transfer/transfer.go:320.4,321.18 2 0
github.com/lilmonk/elasticdump/internal/transfer/transfer.go:321.18,324.5 2 0
github.com/lilmonk/elasticdump/internal/transfer/transfer.go:328.2,330.16 2 0
github.com/lilmonk/elasticdump/internal/transfer/transfer.go:330.16,332.3 1 0
github.com/lilmonk/elasticdump/internal/transfer/transfer.go:334.2,334.20 1 0
github.com/lilmonk/elasticdump/internal/transfer/transfer.go:334.20,336.3 1 0
github.com/lilmonk/elasticdump/internal/transfer/transfer.go:338.2,338.12 1 0
github.com/lilmonk/elasticdump/internal/transfer/transfer.go:342.65,344.17 2 1
github.com/lilmonk/elasticdump/internal/transfer/transfer.go:344.17,346.3 1 0
github.com/lilmonk/elasticdump/internal/transfer/transfer.go:348.2,349.16 2 1
github.com/lilmonk/elasticdump/internal/transfer/transfer.go:349.16,351.3 1 1
github.com/lilmonk/elasticdump/internal/transfer/transfer.go:353.2,353.27 1 0
github.com/lilmonk/elasticdump/internal/transfer/transfer.go:353.27,355.3 1 0
github.com/lilmonk/elasticdump/internal/transfer/transfer.go:357.2,359.16 3 0
github.com/lilmonk/elasticdump/internal/transfer/transfer.go:359.16,361.3 1 0
github.com/lilmonk/elasticdump/internal/transfer/transfer.go:363.2,364.21 2 0
github.com/lilmonk/elasticdump/internal/transfer/transfer.go:364.21,366.3 1 0
github.com/lilmonk/elasticdump/internal/transfer/transfer.go:368.2,368.51 1 0
github.com/lilmonk/elasticdump/internal/transfer/transfer.go:372.66,374.17 2 1
github.com/lilmonk/elasticdump/internal/transfer/transfer.go:374.17,376.3 1 0
github.com/lilmonk/elasticdump/internal/transfer/transfer.go:378.2,379.16 2 1
github.com/lilmonk/elasticdump/internal/transfer/transfer.go:379.16,381.3 1 1
github.com/lilmonk/elasticdump/internal/transfer/transfer.go:383.2,383.27 1 0
github.com/lilmonk/elasticdump/internal/transfer/transfer.go:383.27,385.3 1 0
github.com/lilmonk/elasticdump/internal/transfer/transfer.go:387.2,389.16 3 0
github.com/lilmonk/elasticdump/internal/transfer/transfer.go:389.16,391.3 1 0
github.com/lilmonk/elasticdump/internal/transfer/transfer.go:393.2,394.21 2 0
github.com/lilmonk/elasticdump/internal/transfer/transfer.go:394.21,396.3 1 0
github.com/lilmonk/elasticdump/internal/transfer/transfer.go:398.2,398.53 1 0
github.com/lilmonk/elasticdump/internal/transfer/transfer.go:403.38,406.20 2 1
github.com/lilmonk/elasticdump/internal/transfer/transfer.go:406.20,408.3 1 1
github.com/lilmonk/elasticdump/internal/transfer/transfer.go:409.2,409.11 1 1
github.com/lilmonk/elasticdump/internal/transfer/transfer.go:412.31,414.2 1 1
github.com/lilmonk/elasticdump/internal/transfer/transfer.go:416.66,419.31 1 1
github.com/lilmonk/elasticdump/internal/transfer/transfer.go:419.31,421.4 1 1
github.com/lilmonk/elasticdump/internal/transfer/transfer.go:423.2,423.16 1 1
github.com/lilmonk/elasticdump/internal/transfer/transfer.go:423.16,425.3 1 1
github.com/lilmonk/elasticdump/internal/transfer/transfer.go:426.2,428.19 2 1
github.com/lilmonk/elasticdump/internal/transfer/transfer.go:428.19,430.3 1 1
github.com/lilmonk/elasticdump/internal/transfer/transfer.go:432.2,433.66 2 1
github.com/lilmonk/elasticdump/internal/transfer/transfer.go:433.66,435.3 1 0
github.com/lilmonk/elasticdump/internal/transfer/transfer.go:437.2,438.9 2 1
github.com/lilmonk/elasticdump/internal/transfer/transfer.go:438.9,440.3 1 0
github.com/lilmonk/elasticdump/internal/transfer/transfer.go:442.2,442.24 1 1
github.com/lilmonk/elasticdump/internal/transfer/transfer.go:445.86,448.32 1 1
github.com/lilmonk/elasticdump/internal/transfer/transfer.go:448.32,452.4 3 0
github.com/lilmonk/elasticdump/internal/transfer/transfer.go:454.2,454.16 1 1
github.com/lilmonk/elasticdump/internal/transfer/transfer.go:454.16,456.3 1 0
github.com/lilmonk/elasticdump/internal/transfer/transfer.go:457.2,459.19 2 1
github.com/lilmonk/elasticdump/internal/transfer/transfer.go:459.19,461.3 1 0
github.com/lilmonk/elasticdump/internal/transfer/transfer.go:463.2,463.38 1 1
github.com/lilmonk/elasticdump/internal/transfer/transfer.go:466.82,469.32 1 1
github.com/lilmonk/elasticdump/internal/transfer/transfer.go:469.32,472.4 2 0
github.com/lilmonk/elasticdump/internal/transfer/transfer.go:474.2,474.16 1 1
github.com/lilmonk/elasticdump/internal/transfer/transfer.go:474.16,476.3 1 0
github.com/lilmonk/elasticdump/internal/transfer/transfer.go:477.2,479.19 2 1
github.com/lilmonk/elasticdump/internal/transfer/transfer.go:479.19,481.3 1 0
github.com/lilmonk/elasticdump/internal/transfer/transfer.go:483.2,483.38 1 1
github.com/lilmonk/elasticdump/internal/transfer/transfer.go:486.70,488.62 2 1
github.com/lilmonk/elasticdump/internal/transfer/transfer.go:488.62,490.3 1 1
github.com/lilmonk/elasticdump/internal/transfer/transfer.go:492.2,495.9 3 1
github.com/lilmonk/elasticdump/internal/transfer/transfer.go:495.9,497.3 1 0
github.com/lilmonk/elasticdump/internal/transfer/transfer.go:499.2,500.9 2 1
github.com/lilmonk/elasticdump/internal/transfer/transfer.go:500.9,502.3 1 0
github.com/lilmonk/elasticdump/internal/transfer/transfer.go:504.2,505.31 2 1
github.com/lilmonk/elasticdump/internal/transfer/transfer.go:505.31,507.10 2 1
github.com/lilmonk/elasticdump/internal/transfer/transfer.go:507.10,508.12 1 0
github.com/lilmonk/elasticdump/internal/transfer/transfer.go:511.3,517.43 2 1
github.com/lilmonk/elasticdump/internal/transfer/transfer.go:517.43,519.4 1 1
github.com/lilmonk/elasticdump/internal/transfer/transfer.go:521.3,521.27 1 1
github.com/lilmonk/elasticdump/internal/transfer/transfer.go:524.2,524.28 1 1
github.com/lilmonk/elasticdump/internal/transfer/transfer.go:527.73,528.16 1 1
github.com/lilmonk/elasticdump/internal/transfer/transfer.go:529.14,530.45 1 1
github.com/lilmonk/elasticdump/internal/transfer/transfer.go:531.16,533.17 2 1
github.com/lilmonk/elasticdump/internal/transfer/transfer.go:533.17,535.4 1 0
github.com/lilmonk/elasticdump/internal/transfer/transfer.go:536.3,537.13 2 1
github.com/lilmonk/elasticdump/internal/transfer/transfer.go:538.10,539.54 1 1
github.com/lilmonk/elasticdump/internal/transfer/transfer.go:543.70,545.16 2 1
github.com/lilmonk/elasticdump/internal/transfer/transfer.go:545.16,547.3 1 0
github.com/lilmonk/elasticdump/internal/transfer/transfer.go:550.2,553.31 1 1
github.com/lilmonk/elasticdump/internal/transfer/transfer.go:553.31,556.4 2 0
github.com/lilmonk/elasticdump/internal/transfer/transfer.go:558.2,558.16 1 1
github.com/lilmonk/elasticdump/internal/transfer/transfer.go:558.16,560.3 1 0
github.com/lilmonk/elasticdump/internal/transfer/transfer.go:561.2,563.19 2 1
github.com/lilmonk/elasticdump/internal/transfer/transfer.go:563.19,566.3 2 1
github.com/lilmonk/elasticdump/internal/transfer/transfer.go:568.2,568.12 1 1
github.com/lilmonk/elasticdump/internal/transfer/transfer.go:571.79,573.43 1 1
github.com/lilmonk/elasticdump/internal/transfer/transfer.go:573.43,575.4 1 1
github.com/lilmonk/elasticdump/internal/transfer/transfer.go:577.2,577.16 1 1
github.com/lilmonk/elasticdump/internal/transfer/transfer.go:577.16,579.3 1 1
github.com/lilmonk/elasticdump/internal/transfer/transfer.go:580.2,583.66 3 1
github.com/lilmonk/elasticdump/internal/transfer/transfer.go:583.66,585.3 1 0
github.com/lilmonk/elasticdump/internal/transfer/transfer.go:587.2,587.20 1 1
github.com/lilmonk/elasticdump/internal/transfer/transfer.go:590.85,593.9 2 1
github.com/lilmonk/elasticdump/internal/transfer/transfer.go:593.9,595.3 1 0
github.com/lilmonk/elasticdump/internal/transfer/transfer.go:597.2,598.9 2 1
github.com/lilmonk/elasticdump/internal/transfer/transfer.go:598.9,600.3 1 0
github.com/lilmonk/elasticdump/internal/transfer/transfer.go:602.2,603.16 2 1
github.com/lilmonk/elasticdump/internal/transfer/transfer.go:603.16,605.3 1 0
github.com/lilmonk/elasticdump/internal/transfer/transfer.go:607.2,611.16 2 1
github.com/lilmonk/elasticdump/internal/transfer/transfer.go:611.16,613.3 1 0
github.com/lilmonk/elasticdump/internal/transfer/transfer.go:614.2,616.19 2 1
github.com/lilmonk/elasticdump/internal/transfer/transfer.go:616.19,618.3 1 0
github.com/lilmonk/elasticdump/internal/transfer/transfer.go:620.2,620.12 1 1
github.com/lilmonk/elasticdump/internal/transfer/transfer.go:623.80,625.44 1 1
github.com/lilmonk/elasticdump/internal/transfer/transfer.go:625.44,627.4 1 1
github.com/lilmonk/elasticdump/internal/transfer/transfer.go:629.2,629.16 1 1
github.com/lilmonk/elasticdump/internal/transfer/transfer.go:629.16,631.3 1 1
github.com/lilmonk/elasticdump/internal/transfer/transfer.go:632.2,635.66 3 1
github.com/lilmonk/elasticdump/internal/transfer/transfer.go:635.66,637.3 1 0
github.com/lilmonk/elasticdump/internal/transfer/transfer.go:639.2,639.20 1 1
github.com/lilmonk/elasticdump/internal/transfer/transfer.go:642.87,645.9 2 1
github.com/lilmonk/elasticdump/internal/transfer/transfer.go:645.9,647.3 1 0
github.com/lilmonk/elasticdump/internal/transfer/transfer.go:649.2,650.9 2 1
github.com/lilmonk/elasticdump/internal/transfer/transfer.go:650.9,652.3 1 0
github.com/lilmonk/elasticdump/internal/transfer/transfer.go:654.2,655.16 2 1
github.com/lilmonk/elasticdump/internal/transfer/transfer.go:655.16,657.3 1 0
github.com/lilmonk/elasticdump/internal/transfer/transfer.go:659.2,661.44 1 1
github.com/lilmonk/elasticdump/internal/transfer/transfer.go:661.44,663.4 1 0
github.com/lilmonk/elasticdump/internal/transfer/transfer.go:665.2,665.16 1 1
github.com/lilmonk/elasticdump/internal/transfer/transfer.go:665.16,667.3 1 0
github.com/lilmonk/elasticdump/internal/transfer/transfer.go:668.2,670.19 2 1
github.com/lilmonk/elasticdump/internal/transfer/transfer.go:670.19,672.3 1 0
github.com/lilmonk/elasticdump/internal/transfer/transfer.go:674.2,674.12 1 1
github.com/lilmonk/elasticdump/internal/transfer/transfer.go:677.59,679.16 2 1
github.com/lilmonk/elasticdump/internal/transfer/transfer.go:679.16,681.3 1 0
github.com/lilmonk/elasticdump/internal/transfer/transfer.go:682.2,684.43 2 1
github.com/lilmonk/elasticdump/main.go:10.13,11.38 1 0
github.com/lilmonk/elasticdump/main.go:11.38,14.3 2 0
